[1019/180238.540:ERROR:process_reader_win.cc(151)] SuspendThread: sQ┶C (0x5)
[1019/180238.541:ERROR:process_reader_win.cc(123)] NtOpenThread: {┶荡s} {扦w叫Ds@ンAゼQ甭PsvC (0xc0000022)
[1019/180238.541:ERROR:exception_snapshot_win.cc(99)] thread ID 8936 not found in process
[1020/173227.864:ERROR:directory_reader_win.cc(43)] FindFirstFile: t参тぃ飓w焊舢|C (0x3)
[1021/160221.992:ERROR:directory_reader_win.cc(43)] FindFirstFile: t参тぃ飓w焊舢|C (0x3)
[1026/163439.014:ERROR:directory_reader_win.cc(43)] FindFirstFile: t参тぃ飓w焊舢|C (0x3)
[1026/164858.285:ERROR:directory_reader_win.cc(43)] FindFirstFile: t参тぃ飓w焊舢|C (0x3)
[1208/121005.094:ERROR:process_reader_win.cc(123)] NtOpenThread: {拒^存取} 程序已求存取一物件，但未被授c存取唷 (0xc0000022)
[1208/121005.094:ERROR:exception_snapshot_win.cc(99)] thread ID 10748 not found in process
[1208/121005.108:ERROR:process_reader_win.cc(123)] NtOpenThread: {拒^存取} 程序已求存取一物件，但未被授c存取唷 (0xc0000022)
[1208/121005.108:ERROR:exception_snapshot_win.cc(99)] thread ID 8856 not found in process
[1211/172750.559:ERROR:process_reader_win.cc(123)] NtOpenThread: {拒^存取} 程序已求存取一物件，但未被授c存取唷 (0xc0000022)
[1211/172750.571:ERROR:exception_snapshot_win.cc(99)] thread ID 8040 not found in process
[1211/172750.575:ERROR:process_reader_win.cc(123)] NtOpenThread: {拒^存取} 程序已求存取一物件，但未被授c存取唷 (0xc0000022)
[1211/172750.575:ERROR:exception_snapshot_win.cc(99)] thread ID 12992 not found in process
[1211/173116.198:ERROR:process_reader_win.cc(123)] NtOpenThread: {拒^存取} 程序已求存取一物件，但未被授c存取唷 (0xc0000022)
[1211/173116.198:ERROR:exception_snapshot_win.cc(99)] thread ID 16812 not found in process
[1211/173116.218:ERROR:process_reader_win.cc(123)] NtOpenThread: {拒^存取} 程序已求存取一物件，但未被授c存取唷 (0xc0000022)
[1211/173116.218:ERROR:exception_snapshot_win.cc(99)] thread ID 13952 not found in process
[1217/104741.958:ERROR:process_reader_win.cc(123)] NtOpenThread: {拒^存取} 程序已求存取一物件，但未被授c存取唷 (0xc0000022)
[1217/104741.964:ERROR:exception_snapshot_win.cc(99)] thread ID 10128 not found in process
[1217/104741.976:ERROR:process_reader_win.cc(123)] NtOpenThread: {拒^存取} 程序已求存取一物件，但未被授c存取唷 (0xc0000022)
[1217/104741.976:ERROR:exception_snapshot_win.cc(99)] thread ID 10712 not found in process
[1217/105343.859:ERROR:process_reader_win.cc(123)] NtOpenThread: {拒^存取} 程序已求存取一物件，但未被授c存取唷 (0xc0000022)
[1217/105343.859:ERROR:exception_snapshot_win.cc(99)] thread ID 3048 not found in process
[1217/105343.879:ERROR:process_reader_win.cc(123)] NtOpenThread: {拒^存取} 程序已求存取一物件，但未被授c存取唷 (0xc0000022)
[1217/105343.879:ERROR:exception_snapshot_win.cc(99)] thread ID 13292 not found in process
